  main.cpp
c:\users\lee chang hee\desktop\file\utility\visual studio 2017\project save\professor maker\professor maker\main.cpp(23): warning C4838: 'int'에서 'SHORT'(으)로의 변환에는 축소 변환이 필요합니다.
c:\users\lee chang hee\desktop\file\utility\visual studio 2017\project save\professor maker\professor maker\main.cpp(31): warning C4996: 'getch': The POSIX name for this item is deprecated. Instead, use the ISO C and C++ conformant name: _getch. See online help for details.
  c:\program files (x86)\windows kits\10\include\10.0.17134.0\ucrt\conio.h(453): note: 'getch' 선언을 참조하십시오.
c:\users\lee chang hee\desktop\file\utility\visual studio 2017\project save\professor maker\professor maker\main.cpp(34): warning C4996: 'getch': The POSIX name for this item is deprecated. Instead, use the ISO C and C++ conformant name: _getch. See online help for details.
  c:\program files (x86)\windows kits\10\include\10.0.17134.0\ucrt\conio.h(453): note: 'getch' 선언을 참조하십시오.
c:\users\lee chang hee\desktop\file\utility\visual studio 2017\project save\professor maker\professor maker\main.cpp(235): warning C4996: 'kbhit': The POSIX name for this item is deprecated. Instead, use the ISO C and C++ conformant name: _kbhit. See online help for details.
  c:\program files (x86)\windows kits\10\include\10.0.17134.0\ucrt\conio.h(459): note: 'kbhit' 선언을 참조하십시오.
c:\users\lee chang hee\desktop\file\utility\visual studio 2017\project save\professor maker\professor maker\main.cpp(238): warning C4996: 'kbhit': The POSIX name for this item is deprecated. Instead, use the ISO C and C++ conformant name: _kbhit. See online help for details.
  c:\program files (x86)\windows kits\10\include\10.0.17134.0\ucrt\conio.h(459): note: 'kbhit' 선언을 참조하십시오.
c:\users\lee chang hee\desktop\file\utility\visual studio 2017\project save\professor maker\professor maker\main.cpp(292): warning C4996: 'kbhit': The POSIX name for this item is deprecated. Instead, use the ISO C and C++ conformant name: _kbhit. See online help for details.
  c:\program files (x86)\windows kits\10\include\10.0.17134.0\ucrt\conio.h(459): note: 'kbhit' 선언을 참조하십시오.
c:\users\lee chang hee\desktop\file\utility\visual studio 2017\project save\professor maker\professor maker\main.cpp(295): warning C4996: 'kbhit': The POSIX name for this item is deprecated. Instead, use the ISO C and C++ conformant name: _kbhit. See online help for details.
  c:\program files (x86)\windows kits\10\include\10.0.17134.0\ucrt\conio.h(459): note: 'kbhit' 선언을 참조하십시오.
c:\users\lee chang hee\desktop\file\utility\visual studio 2017\project save\professor maker\professor maker\main.cpp(670): warning C4996: 'getch': The POSIX name for this item is deprecated. Instead, use the ISO C and C++ conformant name: _getch. See online help for details.
  c:\program files (x86)\windows kits\10\include\10.0.17134.0\ucrt\conio.h(453): note: 'getch' 선언을 참조하십시오.
c:\users\lee chang hee\desktop\file\utility\visual studio 2017\project save\professor maker\professor maker\main.cpp(675): warning C4996: 'getch': The POSIX name for this item is deprecated. Instead, use the ISO C and C++ conformant name: _getch. See online help for details.
  c:\program files (x86)\windows kits\10\include\10.0.17134.0\ucrt\conio.h(453): note: 'getch' 선언을 참조하십시오.
c:\users\lee chang hee\desktop\file\utility\visual studio 2017\project save\professor maker\professor maker\main.cpp(680): warning C4996: 'getch': The POSIX name for this item is deprecated. Instead, use the ISO C and C++ conformant name: _getch. See online help for details.
  c:\program files (x86)\windows kits\10\include\10.0.17134.0\ucrt\conio.h(453): note: 'getch' 선언을 참조하십시오.
c:\users\lee chang hee\desktop\file\utility\visual studio 2017\project save\professor maker\professor maker\main.cpp(685): warning C4996: 'getch': The POSIX name for this item is deprecated. Instead, use the ISO C and C++ conformant name: _getch. See online help for details.
  c:\program files (x86)\windows kits\10\include\10.0.17134.0\ucrt\conio.h(453): note: 'getch' 선언을 참조하십시오.
c:\users\lee chang hee\desktop\file\utility\visual studio 2017\project save\professor maker\professor maker\main.cpp(45): warning C4715: 'getkeypad': 모든 제어 경로에서 값을 반환하지는 않습니다.
  Professor Maker.vcxproj -> C:\Users\LEE CHANG HEE\Desktop\FILE\UTILITY\VISUAL STUDIO 2017\PROJECT SAVE\Professor Maker\Debug\Professor Maker.exe
